Started at Tue Jul 12 18:55:49 UTC 2022
Processing EBML-Metadata-API
Offering EBML-Metadata-API to Project Build Discarder
EBML-Metadata-API accepted by Project Build Discarder
Processing test-job
Offering test-job to Project Build Discarder
Finished at Tue Jul 12 18:55:49 UTC 2022. 55ms
Started at Tue Jul 12 19:55:49 UTC 2022
Processing EBML-Metadata-API
Offering EBML-Metadata-API to Project Build Discarder
EBML-Metadata-API accepted by Project Build Discarder
Processing test-job
Offering test-job to Project Build Discarder
Finished at Tue Jul 12 19:55:49 UTC 2022. 1ms
Started at Tue Jul 12 20:55:49 UTC 2022
Processing EBML-Metadata-API
Offering EBML-Metadata-API to Project Build Discarder
EBML-Metadata-API accepted by Project Build Discarder
Processing test-job
Offering test-job to Project Build Discarder
Finished at Tue Jul 12 20:55:49 UTC 2022. 2ms
Started at Tue Jul 12 21:55:49 UTC 2022
Processing EBML-Metadata-API
Offering EBML-Metadata-API to Project Build Discarder
EBML-Metadata-API accepted by Project Build Discarder
Processing test-job
Offering test-job to Project Build Discarder
Finished at Tue Jul 12 21:55:49 UTC 2022. 1ms
Started at Tue Jul 12 22:55:49 UTC 2022
Processing EBML-Metadata-API
Offering EBML-Metadata-API to Project Build Discarder
EBML-Metadata-API accepted by Project Build Discarder
Processing test-job
Offering test-job to Project Build Discarder
Finished at Tue Jul 12 22:55:49 UTC 2022. 1ms
Started at Tue Jul 12 23:55:49 UTC 2022
Processing EBML-Metadata-API
Offering EBML-Metadata-API to Project Build Discarder
EBML-Metadata-API accepted by Project Build Discarder
Processing test-job
Offering test-job to Project Build Discarder
Finished at Tue Jul 12 23:55:49 UTC 2022. 1ms
