--- Copying files at Tue Jul 12 09:31:58 UTC 2022
--- Copying files at Tue Jul 12 17:38:59 UTC 2022
--- Copying files at Tue Jul 12 18:27:47 UTC 2022
--- Copying files at Tue Jul 12 18:32:53 UTC 2022
--- Copying files at Tue Jul 12 18:34:26 UTC 2022
--- Copying files at Tue Jul 12 18:35:23 UTC 2022
--- Copying files at Tue Jul 12 18:36:46 UTC 2022
--- Copying files at Tue Jul 12 18:37:05 UTC 2022
--- Copying files at Tue Jul 12 23:59:25 UTC 2022
--- Copying files at Tue Jul 12 23:59:26 UTC 2022
--- Copying files at Tue Jul 12 23:59:26 UTC 2022
--- Copying files at Tue Jul 12 23:59:27 UTC 2022
--- Copying files at Tue Jul 12 23:59:28 UTC 2022
--- Copying files at Tue Jul 12 23:59:30 UTC 2022
--- Copying files at Tue Jul 12 23:59:34 UTC 2022
--- Copying files at Tue Jul 12 23:59:41 UTC 2022
--- Copying files at Tue Jul 12 23:59:54 UTC 2022
--- Copying files at Wed Jul 13 00:00:20 UTC 2022
--- Copying files at Wed Jul 13 00:01:12 UTC 2022
--- Copying files at Wed Jul 13 00:02:12 UTC 2022
--- Copying files at Wed Jul 13 00:03:12 UTC 2022
--- Copying files at Wed Jul 13 00:04:06 UTC 2022
--- Copying files at Wed Jul 13 00:04:06 UTC 2022
--- Copying files at Wed Jul 13 00:04:07 UTC 2022
--- Copying files at Wed Jul 13 00:04:08 UTC 2022
--- Copying files at Wed Jul 13 00:04:09 UTC 2022
--- Copying files at Wed Jul 13 00:04:11 UTC 2022
--- Copying files at Wed Jul 13 00:04:15 UTC 2022
--- Copying files at Wed Jul 13 00:04:22 UTC 2022
--- Copying files at Wed Jul 13 00:04:25 UTC 2022
--- Copying files at Wed Jul 13 00:13:38 UTC 2022
--- Copying files at Thu Jul 14 08:39:42 UTC 2022
--- Copying files at Thu Jul 14 08:41:43 UTC 2022
--- Copying files at Thu Jul 14 08:48:39 UTC 2022
--- Copying files at Thu Jul 14 09:06:26 UTC 2022
--- Copying files at Thu Jul 14 09:19:24 UTC 2022
--- Copying files at Thu Jul 14 09:21:05 UTC 2022
--- Copying files at Thu Jul 14 11:41:19 UTC 2022
--- Copying files at Thu Jul 14 11:41:50 UTC 2022
--- Copying files at Thu Jul 14 11:48:27 UTC 2022
--- Copying files at Thu Jul 14 11:50:02 UTC 2022
--- Copying files at Thu Jul 14 11:51:25 UTC 2022
--- Copying files at Thu Jul 14 11:54:56 UTC 2022
--- Copying files at Thu Jul 14 11:55:10 UTC 2022
--- Copying files at Thu Jul 14 11:59:41 UTC 2022
--- Copying files at Thu Jul 14 12:11:23 UTC 2022
--- Copying files at Thu Jul 14 12:12:09 UTC 2022
--- Copying files at Thu Jul 14 13:42:12 UTC 2022
--- Copying files at Thu Jul 14 13:49:29 UTC 2022
--- Copying files at Thu Jul 14 13:52:21 UTC 2022
--- Copying files at Thu Jul 14 13:54:24 UTC 2022
--- Copying files at Thu Jul 14 14:05:54 UTC 2022
--- Copying files at Thu Jul 14 14:09:56 UTC 2022
--- Copying files at Thu Jul 14 14:14:31 UTC 2022
--- Copying files at Thu Jul 14 14:18:18 UTC 2022
--- Copying files at Thu Jul 14 14:20:11 UTC 2022
--- Copying files at Thu Jul 14 14:28:27 UTC 2022
--- Copying files at Thu Jul 14 14:32:22 UTC 2022
--- Copying files at Thu Jul 14 14:33:41 UTC 2022
--- Copying files at Thu Jul 14 14:58:35 UTC 2022
--- Copying files at Thu Jul 14 15:00:50 UTC 2022
--- Copying files at Thu Jul 14 15:04:10 UTC 2022
--- Copying files at Thu Jul 14 15:07:44 UTC 2022
--- Copying files at Thu Jul 14 15:38:52 UTC 2022
--- Copying files at Thu Jul 14 15:42:03 UTC 2022
--- Copying files at Thu Jul 14 15:43:46 UTC 2022
--- Copying files at Thu Jul 14 16:03:27 UTC 2022
--- Copying files at Thu Jul 14 16:07:45 UTC 2022
--- Copying files at Thu Jul 14 16:11:52 UTC 2022
--- Copying files at Thu Jul 14 16:15:47 UTC 2022
--- Copying files at Thu Jul 14 16:26:08 UTC 2022
--- Copying files at Thu Jul 14 16:28:07 UTC 2022
--- Copying files at Thu Jul 14 16:29:28 UTC 2022
--- Copying files at Thu Jul 14 16:38:16 UTC 2022
--- Copying files at Thu Jul 14 16:48:31 UTC 2022
--- Copying files at Thu Jul 14 16:51:24 UTC 2022
--- Copying files at Fri Jul 15 01:39:06 UTC 2022
--- Copying files at Fri Jul 15 01:47:46 UTC 2022
--- Copying files at Fri Jul 15 02:00:25 UTC 2022
--- Copying files at Fri Jul 15 02:02:30 UTC 2022
--- Copying files at Fri Jul 15 02:15:34 UTC 2022
--- Copying files at Fri Jul 15 02:29:46 UTC 2022
--- Copying files at Fri Jul 15 02:31:23 UTC 2022
--- Copying files at Sat Jul 16 13:04:21 UTC 2022
--- Copying files at Sat Jul 16 13:06:38 UTC 2022
--- Copying files at Sat Jul 16 13:15:42 UTC 2022
--- Copying files at Sat Jul 16 13:16:52 UTC 2022
--- Copying files at Sat Jul 16 13:17:52 UTC 2022
--- Copying files at Sat Jul 16 17:34:30 UTC 2022
--- Copying files at Sat Jul 16 18:21:52 UTC 2022
--- Copying files at Sat Jul 16 18:23:49 UTC 2022
--- Copying files at Sat Jul 16 18:30:02 UTC 2022
--- Copying files at Sat Jul 16 18:46:39 UTC 2022
--- Copying files at Sat Jul 16 18:50:02 UTC 2022
--- Copying files at Sat Jul 16 18:53:26 UTC 2022
--- Copying files at Sat Jul 16 18:54:51 UTC 2022
--- Copying files at Sat Jul 16 19:09:30 UTC 2022
--- Copying files at Sat Jul 16 19:12:50 UTC 2022
--- Copying files at Sat Jul 16 19:14:48 UTC 2022
--- Copying files at Sun Jul 17 08:48:46 UTC 2022
--- Copying files at Sun Jul 17 09:20:57 UTC 2022
--- Copying files at Sun Jul 17 10:32:37 UTC 2022
--- Copying files at Sun Jul 17 12:27:21 UTC 2022
--- Copying files at Sun Jul 17 14:03:51 UTC 2022
